<?xml version="1.0" encoding="UTF-8"?>
<testsuites name="jest tests" tests="55" failures="0" errors="0" time="6.854">
  <testsuite name="&lt;TextArea /&gt;" errors="0" failures="0" skipped="0" timestamp="2024-01-03T19:19:11" time="4.905" tests="4">
    <testcase classname="&lt;TextArea /&gt; should render TextAreaContainer" name="&lt;TextArea /&gt; should render TextAreaContainer" time="0.031">
    </testcase>
    <testcase classname="&lt;TextArea /&gt; should render TextAreaContainer not validated" name="&lt;TextArea /&gt; should render TextAreaContainer not validated" time="0.004">
    </testcase>
    <testcase classname="&lt;TextArea /&gt; should render TextAreaContainer with label" name="&lt;TextArea /&gt; should render TextAreaContainer with label" time="0.012">
    </testcase>
    <testcase classname="&lt;TextArea /&gt; should render TextAreaContainer and change the value" name="&lt;TextArea /&gt; should render TextAreaContainer and change the value" time="0.006">
    </testcase>
  </testsuite>
  <testsuite name="&lt;Card /&gt;" errors="0" failures="0" skipped="0" timestamp="2024-01-03T19:19:11" time="4.914" tests="4">
    <testcase classname="&lt;Card /&gt; should render CardContainer.center" name="&lt;Card /&gt; should render CardContainer.center" time="0.024">
    </testcase>
    <testcase classname="&lt;Card /&gt; should render CardContainer.normal" name="&lt;Card /&gt; should render CardContainer.normal" time="0.002">
    </testcase>
    <testcase classname="&lt;Card /&gt; should render CardContainer.normal with children" name="&lt;Card /&gt; should render CardContainer.normal with children" time="0.004">
    </testcase>
    <testcase classname="&lt;Card /&gt; should render CardContainer.center with children" name="&lt;Card /&gt; should render CardContainer.center with children" time="0.002">
    </testcase>
  </testsuite>
  <testsuite name="&lt;Input /&gt;" errors="0" failures="0" skipped="0" timestamp="2024-01-03T19:19:11" time="5.058" tests="10">
    <testcase classname="&lt;Input /&gt; should render InputContainer" name="&lt;Input /&gt; should render InputContainer" time="0.034">
    </testcase>
    <testcase classname="&lt;Input /&gt; should render InputContainer with label" name="&lt;Input /&gt; should render InputContainer with label" time="0.011">
    </testcase>
    <testcase classname="&lt;Input /&gt; should render InputContainer with input" name="&lt;Input /&gt; should render InputContainer with input" time="0.004">
    </testcase>
    <testcase classname="&lt;Input /&gt; should render InputContainer with input and not validated" name="&lt;Input /&gt; should render InputContainer with input and not validated" time="0.037">
    </testcase>
    <testcase classname="&lt;Input /&gt; should render InputContainer with input and validated" name="&lt;Input /&gt; should render InputContainer with input and validated" time="0.002">
    </testcase>
    <testcase classname="&lt;Input /&gt; should render InputContainer with input and type" name="&lt;Input /&gt; should render InputContainer with input and type" time="0.002">
    </testcase>
    <testcase classname="&lt;Input /&gt; should render InputContainer with input and isRequired" name="&lt;Input /&gt; should render InputContainer with input and isRequired" time="0.003">
    </testcase>
    <testcase classname="&lt;Input /&gt; should render InputContainer with input and inputKey" name="&lt;Input /&gt; should render InputContainer with input and inputKey" time="0.001">
    </testcase>
    <testcase classname="&lt;Input /&gt; should render InputContainer with input and placeholder" name="&lt;Input /&gt; should render InputContainer with input and placeholder" time="0.046">
    </testcase>
    <testcase classname="&lt;Input /&gt; should render InputContainer and change the value" name="&lt;Input /&gt; should render InputContainer and change the value" time="0.013">
    </testcase>
  </testsuite>
  <testsuite name="&lt;RecentlyViewedPanel /&gt;" errors="0" failures="0" skipped="0" timestamp="2024-01-03T19:19:11" time="5.204" tests="3">
    <testcase classname="&lt;RecentlyViewedPanel /&gt; should render the page" name="&lt;RecentlyViewedPanel /&gt; should render the page" time="0.126">
    </testcase>
    <testcase classname="&lt;RecentlyViewedPanel /&gt; should render a list of recently viewed projects" name="&lt;RecentlyViewedPanel /&gt; should render a list of recently viewed projects" time="0.006">
    </testcase>
    <testcase classname="&lt;RecentlyViewedPanel /&gt; should contain a page info" name="&lt;RecentlyViewedPanel /&gt; should contain a page info" time="0.022">
    </testcase>
  </testsuite>
  <testsuite name="&lt;Button /&gt;" errors="0" failures="0" skipped="0" timestamp="2024-01-03T19:19:11" time="5.456" tests="4">
    <testcase classname="&lt;Button /&gt; should render button without Icon component" name="&lt;Button /&gt; should render button without Icon component" time="0.021">
    </testcase>
    <testcase classname="&lt;Button /&gt; should render button with Icon component" name="&lt;Button /&gt; should render button with Icon component" time="0.031">
    </testcase>
    <testcase classname="&lt;Button /&gt; should render button with Icon component and text" name="&lt;Button /&gt; should render button with Icon component and text" time="0.008">
    </testcase>
    <testcase classname="&lt;Button /&gt; should render button with text" name="&lt;Button /&gt; should render button with text" time="0.003">
    </testcase>
  </testsuite>
  <testsuite name="&lt;UserInfoPanel /&gt;" errors="0" failures="0" skipped="0" timestamp="2024-01-03T19:19:16" time="0.492" tests="1">
    <testcase classname="&lt;UserInfoPanel /&gt; should render the component" name="&lt;UserInfoPanel /&gt; should render the component" time="0.024">
    </testcase>
  </testsuite>
  <testsuite name="&lt;SignInForm /&gt;" errors="0" failures="0" skipped="0" timestamp="2024-01-03T19:19:16" time="0.558" tests="2">
    <testcase classname="&lt;SignInForm /&gt; should render the component" name="&lt;SignInForm /&gt; should render the component" time="0.034">
    </testcase>
    <testcase classname="&lt;SignInForm /&gt; should render the form" name="&lt;SignInForm /&gt; should render the form" time="0.018">
    </testcase>
  </testsuite>
  <testsuite name="&lt;SignUpForm /&gt;" errors="0" failures="0" skipped="0" timestamp="2024-01-03T19:19:11" time="5.546" tests="2">
    <testcase classname="&lt;SignUpForm /&gt; should render the component" name="&lt;SignUpForm /&gt; should render the component" time="0.069">
    </testcase>
    <testcase classname="&lt;SignUpForm /&gt; should render the form" name="&lt;SignUpForm /&gt; should render the form" time="0.02">
    </testcase>
  </testsuite>
  <testsuite name="&lt;DashboardPage /&gt;" errors="0" failures="0" skipped="0" timestamp="2024-01-03T19:19:16" time="0.339" tests="1">
    <testcase classname="&lt;DashboardPage /&gt; should render the page" name="&lt;DashboardPage /&gt; should render the page" time="0.026">
    </testcase>
  </testsuite>
  <testsuite name="&lt;Popup /&gt;" errors="0" failures="0" skipped="0" timestamp="2024-01-03T19:19:11" time="5.587" tests="4">
    <testcase classname="&lt;Popup /&gt; should render PopupContainer" name="&lt;Popup /&gt; should render PopupContainer" time="0.048">
    </testcase>
    <testcase classname="&lt;Popup /&gt; should render PopupContainer with children" name="&lt;Popup /&gt; should render PopupContainer with children" time="0.025">
    </testcase>
    <testcase classname="&lt;Popup /&gt; should close popup when close button is clicked" name="&lt;Popup /&gt; should close popup when close button is clicked" time="0.017">
    </testcase>
    <testcase classname="&lt;Popup /&gt; should close popup on click outside" name="&lt;Popup /&gt; should close popup on click outside" time="0.004">
    </testcase>
  </testsuite>
  <testsuite name="&lt;HomePage /&gt;" errors="0" failures="0" skipped="0" timestamp="2024-01-03T19:19:16" time="0.461" tests="1">
    <testcase classname="&lt;HomePage /&gt; should render HomePageContainer" name="&lt;HomePage /&gt; should render HomePageContainer" time="0.031">
    </testcase>
  </testsuite>
  <testsuite name="&lt;Loader /&gt;" errors="0" failures="0" skipped="0" timestamp="2024-01-03T19:19:16" time="0.297" tests="1">
    <testcase classname="&lt;Loader /&gt; should render LoaderContainer" name="&lt;Loader /&gt; should render LoaderContainer" time="0.007">
    </testcase>
  </testsuite>
  <testsuite name="&lt;NavBar /&gt;" errors="0" failures="0" skipped="0" timestamp="2024-01-03T19:19:16" time="0.508" tests="4">
    <testcase classname="&lt;NavBar /&gt; should render NavBarContainer" name="&lt;NavBar /&gt; should render NavBarContainer" time="0.013">
    </testcase>
    <testcase classname="&lt;NavBar /&gt; should contain app name" name="&lt;NavBar /&gt; should contain app name" time="0.004">
    </testcase>
    <testcase classname="&lt;NavBar /&gt; should contain user name" name="&lt;NavBar /&gt; should contain user name" time="0.003">
    </testcase>
    <testcase classname="&lt;NavBar /&gt; should contain user avatar" name="&lt;NavBar /&gt; should contain user avatar" time="0.002">
    </testcase>
  </testsuite>
  <testsuite name="Icon" errors="0" failures="0" skipped="0" timestamp="2024-01-03T19:19:16" time="0.411" tests="2">
    <testcase classname="Icon should render IconContainer" name="Icon should render IconContainer" time="0.018">
    </testcase>
    <testcase classname="Icon should render IconContainer with className" name="Icon should render IconContainer with className" time="0.002">
    </testcase>
  </testsuite>
  <testsuite name="&lt;CreateProjectPopup /&gt;" errors="0" failures="0" skipped="0" timestamp="2024-01-03T19:19:16" time="0.453" tests="2">
    <testcase classname="&lt;CreateProjectPopup /&gt; should render the component" name="&lt;CreateProjectPopup /&gt; should render the component" time="0.043">
    </testcase>
    <testcase classname="&lt;CreateProjectPopup /&gt; show render the form" name="&lt;CreateProjectPopup /&gt; show render the form" time="0.02">
    </testcase>
  </testsuite>
  <testsuite name="validators" errors="0" failures="0" skipped="0" timestamp="2024-01-03T19:19:17" time="0.176" tests="4">
    <testcase classname="validators validateStringInput should return false for empty string" name="validators validateStringInput should return false for empty string" time="0.001">
    </testcase>
    <testcase classname="validators validateStringInput should return false for undefined" name="validators validateStringInput should return false for undefined" time="0">
    </testcase>
    <testcase classname="validators validateStringInput should return false for null" name="validators validateStringInput should return false for null" time="0.001">
    </testcase>
    <testcase classname="validators validateStringInput should return true for non-empty string" name="validators validateStringInput should return true for non-empty string" time="0">
    </testcase>
  </testsuite>
  <testsuite name="&lt;TableLoader /&gt;" errors="0" failures="0" skipped="0" timestamp="2024-01-03T19:19:16" time="0.515" tests="2">
    <testcase classname="&lt;TableLoader /&gt; should render TableLoaderContainer" name="&lt;TableLoader /&gt; should render TableLoaderContainer" time="0.016">
    </testcase>
    <testcase classname="&lt;TableLoader /&gt; should render 10 elements of &lt;Loader /&gt;" name="&lt;TableLoader /&gt; should render 10 elements of &lt;Loader /&gt;" time="0.015">
    </testcase>
  </testsuite>
  <testsuite name="&lt;ProjectsPage /&gt;" errors="0" failures="0" skipped="0" timestamp="2024-01-03T19:19:16" time="0.703" tests="1">
    <testcase classname="&lt;ProjectsPage /&gt; should render the page" name="&lt;ProjectsPage /&gt; should render the page" time="0.022">
    </testcase>
  </testsuite>
  <testsuite name="&lt;ProjectsTable /&gt;" errors="0" failures="0" skipped="0" timestamp="2024-01-03T19:19:16" time="0.65" tests="3">
    <testcase classname="&lt;ProjectsTable /&gt; should render the component" name="&lt;ProjectsTable /&gt; should render the component" time="0.049">
    </testcase>
    <testcase classname="&lt;ProjectsTable /&gt; should render the row" name="&lt;ProjectsTable /&gt; should render the row" time="0.011">
    </testcase>
    <testcase classname="&lt;ProjectsTable /&gt; should render the row with actions" name="&lt;ProjectsTable /&gt; should render the row with actions" time="0.011">
    </testcase>
  </testsuite>
</testsuites>